<?xml version="1.0" encoding="UTF-8"?>
<testsuite xmlns:xsi="http://www.w3.org/2001/XMLSchema-instance" xsi:noNamespaceSchemaLocation="https://maven.apache.org/surefire/maven-surefire-plugin/xsd/surefire-test-report-3.0.xsd" version="3.0" name="com.javatechie.jib.GoogleJibExampleApplicationTests" time="2.637" tests="1" errors="0" skipped="0" failures="0">
  <properties>
[...]
</properties>
  <testcase name="contextLoads" classname="com.javatechie.jib.GoogleJibExampleApplicationTests" time="0.763">
    <system-out><![CDATA[08:43:39.605 [main] INFO org.springframework.test.context.support.AnnotationConfigContextLoaderUtils -- Could not detect default configuration classes for test class [com.javatechie.jib.GoogleJibExampleApplicationTests]: GoogleJibExampleApplicationTests does not declare any static, non-private, non-final, nested classes annotated with @Configuration.
08:43:39.723 [main] INFO org.springframework.boot.test.context.SpringBootTestContextBootstrapper -- Found @SpringBootConfiguration com.javatechie.jib.GoogleJibExampleApplication for test class com.javatechie.jib.GoogleJibExampleApplicationTests

  .   ____          _            __ _ _
 /\\ / ___'_ __ _ _(_)_ __  __ _ \ \ \ \
( ( )\___ | '_ | '_| | '_ \/ _` | \ \ \ \
 \\/  ___)| |_)| | | | | || (_| |  ) ) ) )
  '  |____| .__|_| |_|_| |_\__, | / / / /
 =========|_|==============|___/=/_/_/_/
 :: Spring Boot ::                (v3.1.3)

2024-08-04T08:43:40.144+05:30  INFO 13240 --- [           main] c.j.j.GoogleJibExampleApplicationTests   : Starting GoogleJibExampleApplicationTests using Java 17 with PID 13240 (started by vsrikanth in C:\Users\vsrikanth\Downloads\google-jib-example-main\google-jib-example-main)
2024-08-04T08:43:40.146+05:30  INFO 13240 --- [           main] c.j.j.GoogleJibExampleApplicationTests   : No active profile set, falling back to 1 default profile: "default"
2024-08-04T08:43:41.306+05:30  INFO 13240 --- [           main] c.j.j.GoogleJibExampleApplicationTests   : Started GoogleJibExampleApplicationTests in 1.442 seconds (process running for 2.341)
]]></system-out>
  </testcase>
</testsuite>